Wed Mar  4 19:37:07 EST 2015 Starting heritrix
Darwin Avinashs-MacBook-Pro.local 14.1.0 Darwin Kernel Version 14.1.0: Mon Dec 22 23:10:38 PST 2014; root:xnu-2782.10.72~2/RELEASE_X86_64 x86_64
java version "1.8.0_31"
Java(TM) SE Runtime Environment (build 1.8.0_31-b13)
Java HotSpot(TM) 64-Bit Server VM (build 25.31-b07, mixed mode)
JAVA_OPTS= -Xmx256m
core file size          (blocks, -c) 0
data seg size           (kbytes, -d) unlimited
file size               (blocks, -f) unlimited
max locked memory       (kbytes, -l) unlimited
max memory size         (kbytes, -m) unlimited
open files                      (-n) 2560
pipe size            (512 bytes, -p) 1
stack size              (kbytes, -s) 8192
cpu time               (seconds, -t) unlimited
max user processes              (-u) 709
virtual memory          (kbytes, -v) unlimited
Wed Mar  4 19:37:50 EST 2015 Starting heritrix
Darwin Avinashs-MacBook-Pro.local 14.1.0 Darwin Kernel Version 14.1.0: Mon Dec 22 23:10:38 PST 2014; root:xnu-2782.10.72~2/RELEASE_X86_64 x86_64
java version "1.8.0_31"
Java(TM) SE Runtime Environment (build 1.8.0_31-b13)
Java HotSpot(TM) 64-Bit Server VM (build 25.31-b07, mixed mode)
JAVA_OPTS= -Xmx256m
core file size          (blocks, -c) 0
data seg size           (kbytes, -d) unlimited
file size               (blocks, -f) unlimited
max locked memory       (kbytes, -l) unlimited
max memory size         (kbytes, -m) unlimited
open files                      (-n) 2560
pipe size            (512 bytes, -p) 1
stack size              (kbytes, -s) 8192
cpu time               (seconds, -t) unlimited
max user processes              (-u) 709
virtual memory          (kbytes, -v) unlimited
usage: Heritrix
 -a,--webui-admin <arg>          Specifies the authorization password
                                 which must be supplied to access the webui. Required if launching the
                                 webui.
 -b,--webui-bind-hosts <arg>     A comma-separated list of hostnames for
                                 the webui to bind to.
 -h,--help <arg>                 Usage information.
 -j,--jobs-dir <arg>             The jobs directory.  Defaults to ./jobs
 -l,--logging-properties <arg>   The full path to the logging properties
                                 file (eg, conf/logging.properties).  If present, this file will be used to
                                 configure Java logging.  Defaults to ./conf/logging.properties
 -p,--webui-port <arg>           The port the webui should listen on.
 -r,--run-job <arg>              Specify a ready job or a profile name to
                                 launch at launch.  If you specify a profile name, the profile will first
                                 be copied to a new ready job, and that ready job will be launched.
 -s,--ssl-params <arg>           Specify a keystore path, keystore
                                 password, and key password for HTTPS use. Separate with commas, no
                                 whitespace.
Your arguments were: [Ljava.lang.String;@5f184fc6Wed Mar  4 19:38:29 EST 2015 Starting heritrix
Darwin Avinashs-MacBook-Pro.local 14.1.0 Darwin Kernel Version 14.1.0: Mon Dec 22 23:10:38 PST 2014; root:xnu-2782.10.72~2/RELEASE_X86_64 x86_64
java version "1.8.0_31"
Java(TM) SE Runtime Environment (build 1.8.0_31-b13)
Java HotSpot(TM) 64-Bit Server VM (build 25.31-b07, mixed mode)
JAVA_OPTS= -Xmx256m
core file size          (blocks, -c) 0
data seg size           (kbytes, -d) unlimited
file size               (blocks, -f) unlimited
max locked memory       (kbytes, -l) unlimited
max memory size         (kbytes, -m) unlimited
open files                      (-n) 2560
pipe size            (512 bytes, -p) 1
stack size              (kbytes, -s) 8192
cpu time               (seconds, -t) unlimited
max user processes              (-u) 709
virtual memory          (kbytes, -v) unlimited
You must specify a password for the web interface using -a.
Wed Mar  4 19:38:37 EST 2015 Starting heritrix
Darwin Avinashs-MacBook-Pro.local 14.1.0 Darwin Kernel Version 14.1.0: Mon Dec 22 23:10:38 PST 2014; root:xnu-2782.10.72~2/RELEASE_X86_64 x86_64
java version "1.8.0_31"
Java(TM) SE Runtime Environment (build 1.8.0_31-b13)
Java HotSpot(TM) 64-Bit Server VM (build 25.31-b07, mixed mode)
JAVA_OPTS= -Xmx256m
core file size          (blocks, -c) 0
data seg size           (kbytes, -d) unlimited
file size               (blocks, -f) unlimited
max locked memory       (kbytes, -l) unlimited
max memory size         (kbytes, -m) unlimited
open files                      (-n) 2560
pipe size            (512 bytes, -p) 1
stack size              (kbytes, -s) 8192
cpu time               (seconds, -t) unlimited
max user processes              (-u) 709
virtual memory          (kbytes, -v) unlimited
usage: Heritrix
 -a,--webui-admin <arg>          Specifies the authorization password
                                 which must be supplied to access the webui. Required if launching the
                                 webui.
 -b,--webui-bind-hosts <arg>     A comma-separated list of hostnames for
                                 the webui to bind to.
 -h,--help <arg>                 Usage information.
 -j,--jobs-dir <arg>             The jobs directory.  Defaults to ./jobs
 -l,--logging-properties <arg>   The full path to the logging properties
                                 file (eg, conf/logging.properties).  If present, this file will be used to
                                 configure Java logging.  Defaults to ./conf/logging.properties
 -p,--webui-port <arg>           The port the webui should listen on.
 -r,--run-job <arg>              Specify a ready job or a profile name to
                                 launch at launch.  If you specify a profile name, the profile will first
                                 be copied to a new ready job, and that ready job will be launched.
 -s,--ssl-params <arg>           Specify a keystore path, keystore
                                 password, and key password for HTTPS use. Separate with commas, no
                                 whitespace.
Your arguments were: [Ljava.lang.String;@5f184fc6Wed Mar  4 19:56:39 EST 2015 Starting heritrix
Darwin Avinashs-MacBook-Pro.local 14.1.0 Darwin Kernel Version 14.1.0: Mon Dec 22 23:10:38 PST 2014; root:xnu-2782.10.72~2/RELEASE_X86_64 x86_64
java version "1.8.0_31"
Java(TM) SE Runtime Environment (build 1.8.0_31-b13)
Java HotSpot(TM) 64-Bit Server VM (build 25.31-b07, mixed mode)
JAVA_OPTS= -Xmx256m
core file size          (blocks, -c) 0
data seg size           (kbytes, -d) unlimited
file size               (blocks, -f) unlimited
max locked memory       (kbytes, -l) unlimited
max memory size         (kbytes, -m) unlimited
open files                      (-n) 2560
pipe size            (512 bytes, -p) 1
stack size              (kbytes, -s) 8192
cpu time               (seconds, -t) unlimited
max user processes              (-u) 709
virtual memory          (kbytes, -v) unlimited
usage: Heritrix
 -a,--webui-admin <arg>          Specifies the authorization password
                                 which must be supplied to access the webui. Required if launching the
                                 webui.
 -b,--webui-bind-hosts <arg>     A comma-separated list of hostnames for
                                 the webui to bind to.
 -h,--help <arg>                 Usage information.
 -j,--jobs-dir <arg>             The jobs directory.  Defaults to ./jobs
 -l,--logging-properties <arg>   The full path to the logging properties
                                 file (eg, conf/logging.properties).  If present, this file will be used to
                                 configure Java logging.  Defaults to ./conf/logging.properties
 -p,--webui-port <arg>           The port the webui should listen on.
 -r,--run-job <arg>              Specify a ready job or a profile name to
                                 launch at launch.  If you specify a profile name, the profile will first
                                 be copied to a new ready job, and that ready job will be launched.
 -s,--ssl-params <arg>           Specify a keystore path, keystore
                                 password, and key password for HTTPS use. Separate with commas, no
                                 whitespace.
Your arguments were: [Ljava.lang.String;@5f184fc6Wed Mar  4 19:56:45 EST 2015 Starting heritrix
Darwin Avinashs-MacBook-Pro.local 14.1.0 Darwin Kernel Version 14.1.0: Mon Dec 22 23:10:38 PST 2014; root:xnu-2782.10.72~2/RELEASE_X86_64 x86_64
java version "1.8.0_31"
Java(TM) SE Runtime Environment (build 1.8.0_31-b13)
Java HotSpot(TM) 64-Bit Server VM (build 25.31-b07, mixed mode)
JAVA_OPTS= -Xmx256m
core file size          (blocks, -c) 0
data seg size           (kbytes, -d) unlimited
file size               (blocks, -f) unlimited
max locked memory       (kbytes, -l) unlimited
max memory size         (kbytes, -m) unlimited
open files                      (-n) 2560
pipe size            (512 bytes, -p) 1
stack size              (kbytes, -s) 8192
cpu time               (seconds, -t) unlimited
max user processes              (-u) 709
virtual memory          (kbytes, -v) unlimited
You must specify a password for the web interface using -a.
Wed Mar  4 19:58:21 EST 2015 Starting heritrix
Darwin Avinashs-MacBook-Pro.local 14.1.0 Darwin Kernel Version 14.1.0: Mon Dec 22 23:10:38 PST 2014; root:xnu-2782.10.72~2/RELEASE_X86_64 x86_64
java version "1.8.0_31"
Java(TM) SE Runtime Environment (build 1.8.0_31-b13)
Java HotSpot(TM) 64-Bit Server VM (build 25.31-b07, mixed mode)
JAVA_OPTS= -Xmx256m
core file size          (blocks, -c) 0
data seg size           (kbytes, -d) unlimited
file size               (blocks, -f) unlimited
max locked memory       (kbytes, -l) unlimited
max memory size         (kbytes, -m) unlimited
open files                      (-n) 2560
pipe size            (512 bytes, -p) 1
stack size              (kbytes, -s) 8192
cpu time               (seconds, -t) unlimited
max user processes              (-u) 709
virtual memory          (kbytes, -v) unlimited
usage: Heritrix
 -a,--webui-admin <arg>          Specifies the authorization password
                                 which must be supplied to access the webui. Required if launching the
                                 webui.
 -b,--webui-bind-hosts <arg>     A comma-separated list of hostnames for
                                 the webui to bind to.
 -h,--help <arg>                 Usage information.
 -j,--jobs-dir <arg>             The jobs directory.  Defaults to ./jobs
 -l,--logging-properties <arg>   The full path to the logging properties
                                 file (eg, conf/logging.properties).  If present, this file will be used to
                                 configure Java logging.  Defaults to ./conf/logging.properties
 -p,--webui-port <arg>           The port the webui should listen on.
 -r,--run-job <arg>              Specify a ready job or a profile name to
                                 launch at launch.  If you specify a profile name, the profile will first
                                 be copied to a new ready job, and that ready job will be launched.
 -s,--ssl-params <arg>           Specify a keystore path, keystore
                                 password, and key password for HTTPS use. Separate with commas, no
                                 whitespace.
Your arguments were: [Ljava.lang.String;@5f184fc6Wed Mar  4 19:59:35 EST 2015 Starting heritrix
Darwin Avinashs-MacBook-Pro.local 14.1.0 Darwin Kernel Version 14.1.0: Mon Dec 22 23:10:38 PST 2014; root:xnu-2782.10.72~2/RELEASE_X86_64 x86_64
java version "1.8.0_31"
Java(TM) SE Runtime Environment (build 1.8.0_31-b13)
Java HotSpot(TM) 64-Bit Server VM (build 25.31-b07, mixed mode)
JAVA_OPTS= -Xmx256m
core file size          (blocks, -c) 0
data seg size           (kbytes, -d) unlimited
file size               (blocks, -f) unlimited
max locked memory       (kbytes, -l) unlimited
max memory size         (kbytes, -m) unlimited
open files                      (-n) 2560
pipe size            (512 bytes, -p) 1
stack size              (kbytes, -s) 8192
cpu time               (seconds, -t) unlimited
max user processes              (-u) 709
virtual memory          (kbytes, -v) unlimited
You must specify a password for the web interface using -a.
Wed Mar  4 20:01:30 EST 2015 Starting heritrix
Darwin Avinashs-MacBook-Pro.local 14.1.0 Darwin Kernel Version 14.1.0: Mon Dec 22 23:10:38 PST 2014; root:xnu-2782.10.72~2/RELEASE_X86_64 x86_64
java version "1.8.0_31"
Java(TM) SE Runtime Environment (build 1.8.0_31-b13)
Java HotSpot(TM) 64-Bit Server VM (build 25.31-b07, mixed mode)
JAVA_OPTS= -Xmx256m
core file size          (blocks, -c) 0
data seg size           (kbytes, -d) unlimited
file size               (blocks, -f) unlimited
max locked memory       (kbytes, -l) unlimited
max memory size         (kbytes, -m) unlimited
open files                      (-n) 2560
pipe size            (512 bytes, -p) 1
stack size              (kbytes, -s) 8192
cpu time               (seconds, -t) unlimited
max user processes              (-u) 709
virtual memory          (kbytes, -v) unlimited
usage: Heritrix
 -a,--webui-admin <arg>          Specifies the authorization password
                                 which must be supplied to access the webui. Required if launching the
                                 webui.
 -b,--webui-bind-hosts <arg>     A comma-separated list of hostnames for
                                 the webui to bind to.
 -h,--help <arg>                 Usage information.
 -j,--jobs-dir <arg>             The jobs directory.  Defaults to ./jobs
 -l,--logging-properties <arg>   The full path to the logging properties
                                 file (eg, conf/logging.properties).  If present, this file will be used to
                                 configure Java logging.  Defaults to ./conf/logging.properties
 -p,--webui-port <arg>           The port the webui should listen on.
 -r,--run-job <arg>              Specify a ready job or a profile name to
                                 launch at launch.  If you specify a profile name, the profile will first
                                 be copied to a new ready job, and that ready job will be launched.
 -s,--ssl-params <arg>           Specify a keystore path, keystore
                                 password, and key password for HTTPS use. Separate with commas, no
                                 whitespace.
Your arguments were: [Ljava.lang.String;@5f184fc6Wed Mar  4 20:03:17 EST 2015 Starting heritrix
Darwin Avinashs-MacBook-Pro.local 14.1.0 Darwin Kernel Version 14.1.0: Mon Dec 22 23:10:38 PST 2014; root:xnu-2782.10.72~2/RELEASE_X86_64 x86_64
java version "1.8.0_31"
Java(TM) SE Runtime Environment (build 1.8.0_31-b13)
Java HotSpot(TM) 64-Bit Server VM (build 25.31-b07, mixed mode)
JAVA_OPTS= -Xmx256m
core file size          (blocks, -c) 0
data seg size           (kbytes, -d) unlimited
file size               (blocks, -f) unlimited
max locked memory       (kbytes, -l) unlimited
max memory size         (kbytes, -m) unlimited
open files                      (-n) 2560
pipe size            (512 bytes, -p) 1
stack size              (kbytes, -s) 8192
cpu time               (seconds, -t) unlimited
max user processes              (-u) 709
virtual memory          (kbytes, -v) unlimited
usage: Heritrix
 -a,--webui-admin <arg>          Specifies the authorization password
                                 which must be supplied to access the webui. Required if launching the
                                 webui.
 -b,--webui-bind-hosts <arg>     A comma-separated list of hostnames for
                                 the webui to bind to.
 -h,--help <arg>                 Usage information.
 -j,--jobs-dir <arg>             The jobs directory.  Defaults to ./jobs
 -l,--logging-properties <arg>   The full path to the logging properties
                                 file (eg, conf/logging.properties).  If present, this file will be used to
                                 configure Java logging.  Defaults to ./conf/logging.properties
 -p,--webui-port <arg>           The port the webui should listen on.
 -r,--run-job <arg>              Specify a ready job or a profile name to
                                 launch at launch.  If you specify a profile name, the profile will first
                                 be copied to a new ready job, and that ready job will be launched.
 -s,--ssl-params <arg>           Specify a keystore path, keystore
                                 password, and key password for HTTPS use. Separate with commas, no
                                 whitespace.
Your arguments were: [Ljava.lang.String;@5f184fc6Wed Mar  4 20:03:38 EST 2015 Starting heritrix
Darwin Avinashs-MacBook-Pro.local 14.1.0 Darwin Kernel Version 14.1.0: Mon Dec 22 23:10:38 PST 2014; root:xnu-2782.10.72~2/RELEASE_X86_64 x86_64
java version "1.8.0_31"
Java(TM) SE Runtime Environment (build 1.8.0_31-b13)
Java HotSpot(TM) 64-Bit Server VM (build 25.31-b07, mixed mode)
JAVA_OPTS= -Xmx256m
core file size          (blocks, -c) 0
data seg size           (kbytes, -d) unlimited
file size               (blocks, -f) unlimited
max locked memory       (kbytes, -l) unlimited
max memory size         (kbytes, -m) unlimited
open files                      (-n) 2560
pipe size            (512 bytes, -p) 1
stack size              (kbytes, -s) 8192
cpu time               (seconds, -t) unlimited
max user processes              (-u) 709
virtual memory          (kbytes, -v) unlimited
You must specify a password for the web interface using -a.
Wed Mar  4 20:05:54 EST 2015 Starting heritrix
Darwin Avinashs-MacBook-Pro.local 14.1.0 Darwin Kernel Version 14.1.0: Mon Dec 22 23:10:38 PST 2014; root:xnu-2782.10.72~2/RELEASE_X86_64 x86_64
java version "1.8.0_31"
Java(TM) SE Runtime Environment (build 1.8.0_31-b13)
Java HotSpot(TM) 64-Bit Server VM (build 25.31-b07, mixed mode)
JAVA_OPTS= -Xmx256m
core file size          (blocks, -c) 0
data seg size           (kbytes, -d) unlimited
file size               (blocks, -f) unlimited
max locked memory       (kbytes, -l) unlimited
max memory size         (kbytes, -m) unlimited
open files                      (-n) 2560
pipe size            (512 bytes, -p) 1
stack size              (kbytes, -s) 8192
cpu time               (seconds, -t) unlimited
max user processes              (-u) 709
virtual memory          (kbytes, -v) unlimited
Exception in thread "main" java.lang.NoClassDefFoundError: sun/security/tools/KeyTool
	at org.archive.crawler.Heritrix.useAdhocKeystore(Heritrix.java:379)
	at org.archive.crawler.Heritrix.instanceMain(Heritrix.java:302)
	at org.archive.crawler.Heritrix.main(Heritrix.java:186)
Caused by: java.lang.ClassNotFoundException: sun.security.tools.KeyTool
	at java.net.URLClassLoader$1.run(URLClassLoader.java:372)
	at java.net.URLClassLoader$1.run(URLClassLoader.java:361)
	at java.security.AccessController.doPrivileged(Native Method)
	at java.net.URLClassLoader.findClass(URLClassLoader.java:360)
	at java.lang.ClassLoader.loadClass(ClassLoader.java:424)
	at sun.misc.Launcher$AppClassLoader.loadClass(Launcher.java:308)
	at java.lang.ClassLoader.loadClass(ClassLoader.java:357)
	... 3 more
Wed Mar  4 20:09:13 EST 2015 Starting heritrix
Darwin Avinashs-MacBook-Pro.local 14.1.0 Darwin Kernel Version 14.1.0: Mon Dec 22 23:10:38 PST 2014; root:xnu-2782.10.72~2/RELEASE_X86_64 x86_64
java version "1.8.0_31"
Java(TM) SE Runtime Environment (build 1.8.0_31-b13)
Java HotSpot(TM) 64-Bit Server VM (build 25.31-b07, mixed mode)
JAVA_OPTS= -Xmx256m
core file size          (blocks, -c) 0
data seg size           (kbytes, -d) unlimited
file size               (blocks, -f) unlimited
max locked memory       (kbytes, -l) unlimited
max memory size         (kbytes, -m) unlimited
open files                      (-n) 2560
pipe size            (512 bytes, -p) 1
stack size              (kbytes, -s) 8192
cpu time               (seconds, -t) unlimited
max user processes              (-u) 709
virtual memory          (kbytes, -v) unlimited
You must specify a password for the web interface using -a.
Wed Mar  4 20:15:02 EST 2015 Starting heritrix
Darwin Avinashs-MacBook-Pro.local 14.1.0 Darwin Kernel Version 14.1.0: Mon Dec 22 23:10:38 PST 2014; root:xnu-2782.10.72~2/RELEASE_X86_64 x86_64
java version "1.8.0_31"
Java(TM) SE Runtime Environment (build 1.8.0_31-b13)
Java HotSpot(TM) 64-Bit Server VM (build 25.31-b07, mixed mode)
JAVA_OPTS= -Xmx256m
core file size          (blocks, -c) 0
data seg size           (kbytes, -d) unlimited
file size               (blocks, -f) unlimited
max locked memory       (kbytes, -l) unlimited
max memory size         (kbytes, -m) unlimited
open files                      (-n) 2560
pipe size            (512 bytes, -p) 1
stack size              (kbytes, -s) 8192
cpu time               (seconds, -t) unlimited
max user processes              (-u) 709
virtual memory          (kbytes, -v) unlimited
Exception in thread "main" java.lang.NoClassDefFoundError: sun/security/tools/KeyTool
	at org.archive.crawler.Heritrix.useAdhocKeystore(Heritrix.java:379)
	at org.archive.crawler.Heritrix.instanceMain(Heritrix.java:302)
	at org.archive.crawler.Heritrix.main(Heritrix.java:186)
Caused by: java.lang.ClassNotFoundException: sun.security.tools.KeyTool
	at java.net.URLClassLoader$1.run(URLClassLoader.java:372)
	at java.net.URLClassLoader$1.run(URLClassLoader.java:361)
	at java.security.AccessController.doPrivileged(Native Method)
	at java.net.URLClassLoader.findClass(URLClassLoader.java:360)
	at java.lang.ClassLoader.loadClass(ClassLoader.java:424)
	at sun.misc.Launcher$AppClassLoader.loadClass(Launcher.java:308)
	at java.lang.ClassLoader.loadClass(ClassLoader.java:357)
	... 3 more
Wed Mar  4 20:15:06 EST 2015 Starting heritrix
Darwin Avinashs-MacBook-Pro.local 14.1.0 Darwin Kernel Version 14.1.0: Mon Dec 22 23:10:38 PST 2014; root:xnu-2782.10.72~2/RELEASE_X86_64 x86_64
java version "1.8.0_31"
Java(TM) SE Runtime Environment (build 1.8.0_31-b13)
Java HotSpot(TM) 64-Bit Server VM (build 25.31-b07, mixed mode)
JAVA_OPTS= -Xmx256m
core file size          (blocks, -c) 0
data seg size           (kbytes, -d) unlimited
file size               (blocks, -f) unlimited
max locked memory       (kbytes, -l) unlimited
max memory size         (kbytes, -m) unlimited
open files                      (-n) 2560
pipe size            (512 bytes, -p) 1
stack size              (kbytes, -s) 8192
cpu time               (seconds, -t) unlimited
max user processes              (-u) 709
virtual memory          (kbytes, -v) unlimited
You must specify a password for the web interface using -a.
Wed Mar  4 20:16:56 EST 2015 Starting heritrix
Darwin Avinashs-MacBook-Pro.local 14.1.0 Darwin Kernel Version 14.1.0: Mon Dec 22 23:10:38 PST 2014; root:xnu-2782.10.72~2/RELEASE_X86_64 x86_64
java version "1.8.0_31"
Java(TM) SE Runtime Environment (build 1.8.0_31-b13)
Java HotSpot(TM) 64-Bit Server VM (build 25.31-b07, mixed mode)
JAVA_OPTS= -Xmx256m
core file size          (blocks, -c) 0
data seg size           (kbytes, -d) unlimited
file size               (blocks, -f) unlimited
max locked memory       (kbytes, -l) unlimited
max memory size         (kbytes, -m) unlimited
open files                      (-n) 2560
pipe size            (512 bytes, -p) 1
stack size              (kbytes, -s) 8192
cpu time               (seconds, -t) unlimited
max user processes              (-u) 709
virtual memory          (kbytes, -v) unlimited
You must specify a password for the web interface using -a.
Wed Mar  4 20:31:38 EST 2015 Starting heritrix
Darwin Avinashs-MacBook-Pro.local 14.1.0 Darwin Kernel Version 14.1.0: Mon Dec 22 23:10:38 PST 2014; root:xnu-2782.10.72~2/RELEASE_X86_64 x86_64
java version "1.8.0_31"
Java(TM) SE Runtime Environment (build 1.8.0_31-b13)
Java HotSpot(TM) 64-Bit Server VM (build 25.31-b07, mixed mode)
JAVA_OPTS= -Xmx256m
core file size          (blocks, -c) 0
data seg size           (kbytes, -d) unlimited
file size               (blocks, -f) unlimited
max locked memory       (kbytes, -l) unlimited
max memory size         (kbytes, -m) unlimited
open files                      (-n) 2560
pipe size            (512 bytes, -p) 1
stack size              (kbytes, -s) 8192
cpu time               (seconds, -t) unlimited
max user processes              (-u) 709
virtual memory          (kbytes, -v) unlimited
Exception in thread "main" java.lang.NoClassDefFoundError: sun/security/tools/KeyTool
	at org.archive.crawler.Heritrix.useAdhocKeystore(Heritrix.java:379)
	at org.archive.crawler.Heritrix.instanceMain(Heritrix.java:302)
	at org.archive.crawler.Heritrix.main(Heritrix.java:186)
Caused by: java.lang.ClassNotFoundException: sun.security.tools.KeyTool
	at java.net.URLClassLoader$1.run(URLClassLoader.java:372)
	at java.net.URLClassLoader$1.run(URLClassLoader.java:361)
	at java.security.AccessController.doPrivileged(Native Method)
	at java.net.URLClassLoader.findClass(URLClassLoader.java:360)
	at java.lang.ClassLoader.loadClass(ClassLoader.java:424)
	at sun.misc.Launcher$AppClassLoader.loadClass(Launcher.java:308)
	at java.lang.ClassLoader.loadClass(ClassLoader.java:357)
	... 3 more
