This is pdfTeX, Version 3.1415926-2.5-1.40.14 (TeX Live 2013/Debian) (format=pdflatex 2015.3.5)  7 MAR 2015 00:32
entering extended mode
 restricted \write18 enabled.
 %&-line parsing enabled.
**report.tex
(./report.tex
LaTeX2e <2011/06/27>
Babel <3.9h> and hyphenation patterns for 4 languages loaded.
(/usr/share/texlive/texmf-dist/tex/latex/base/article.cls
Document Class: article 2007/10/19 v1.4h Standard LaTeX document class
(/usr/share/texlive/texmf-dist/tex/latex/base/size10.clo
File: size10.clo 2007/10/19 v1.4h Standard LaTeX file (size option)
)
\c@part=\count79
\c@section=\count80
\c@subsection=\count81
\c@subsubsection=\count82
\c@paragraph=\count83
\c@subparagraph=\count84
\c@figure=\count85
\c@table=\count86
\abovecaptionskip=\skip41
\belowcaptionskip=\skip42
\bibindent=\dimen102
)
(/usr/share/texlive/texmf-dist/tex/latex/fancyhdr/fancyhdr.sty
\fancy@headwidth=\skip43
\f@ncyO@elh=\skip44
\f@ncyO@erh=\skip45
\f@ncyO@olh=\skip46
\f@ncyO@orh=\skip47
\f@ncyO@elf=\skip48
\f@ncyO@erf=\skip49
\f@ncyO@olf=\skip50
\f@ncyO@orf=\skip51
)
(/usr/share/texlive/texmf-dist/tex/latex/lastpage/lastpage.sty
Package: lastpage 2013/01/28 v1.2l Refers to last page's name (HMM; JPG)
)
(/usr/share/texlive/texmf-dist/tex/latex/fancyhdr/extramarks.sty
\@temptokenb=\toks14
)
(/usr/share/texlive/texmf-dist/tex/latex/graphics/color.sty
Package: color 2005/11/14 v1.0j Standard LaTeX Color (DPC)

(/usr/share/texlive/texmf-dist/tex/latex/latexconfig/color.cfg
File: color.cfg 2007/01/18 v1.5 color configuration of teTeX/TeXLive
)
Package color Info: Driver file: pdftex.def on input line 130.

(/usr/share/texlive/texmf-dist/tex/latex/pdftex-def/pdftex.def
File: pdftex.def 2011/05/27 v0.06d Graphics/color for pdfTeX

(/usr/share/texlive/texmf-dist/tex/generic/oberdiek/infwarerr.sty
Package: infwarerr 2010/04/08 v1.3 Providing info/warning/error messages (HO)
)
(/usr/share/texlive/texmf-dist/tex/generic/oberdiek/ltxcmds.sty
Package: ltxcmds 2011/11/09 v1.22 LaTeX kernel commands for general use (HO)
)
\Gread@gobject=\count87
)
(/usr/share/texlive/texmf-dist/tex/latex/graphics/dvipsnam.def
File: dvipsnam.def 1999/02/16 v3.0i Driver-dependant file (DPC,SPQR)
))
(/usr/share/texlive/texmf-dist/tex/latex/graphics/graphicx.sty
Package: graphicx 1999/02/16 v1.0f Enhanced LaTeX Graphics (DPC,SPQR)

(/usr/share/texlive/texmf-dist/tex/latex/graphics/keyval.sty
Package: keyval 1999/03/16 v1.13 key=value parser (DPC)
\KV@toks@=\toks15
)
(/usr/share/texlive/texmf-dist/tex/latex/graphics/graphics.sty
Package: graphics 2009/02/05 v1.0o Standard LaTeX Graphics (DPC,SPQR)

(/usr/share/texlive/texmf-dist/tex/latex/graphics/trig.sty
Package: trig 1999/03/16 v1.09 sin cos tan (DPC)
)
(/usr/share/texlive/texmf-dist/tex/latex/latexconfig/graphics.cfg
File: graphics.cfg 2010/04/23 v1.9 graphics configuration of TeX Live
)
Package graphics Info: Driver file: pdftex.def on input line 91.
)
\Gin@req@height=\dimen103
\Gin@req@width=\dimen104
)
(/usr/share/texlive/texmf-dist/tex/latex/listings/listings.sty
\lst@mode=\count88
\lst@gtempboxa=\box26
\lst@token=\toks16
\lst@length=\count89
\lst@currlwidth=\dimen105
\lst@column=\count90
\lst@pos=\count91
\lst@lostspace=\dimen106
\lst@width=\dimen107
\lst@newlines=\count92
\lst@lineno=\count93
\lst@maxwidth=\dimen108

(/usr/share/texlive/texmf-dist/tex/latex/listings/lstmisc.sty
File: lstmisc.sty 2013/08/26 1.5b (Carsten Heinz)
\c@lstnumber=\count94
\lst@skipnumbers=\count95
\lst@framebox=\box27
)
(/usr/share/texlive/texmf-dist/tex/latex/listings/listings.cfg
File: listings.cfg 2013/08/26 1.5b listings configuration
))
Package: listings 2013/08/26 1.5b (Carsten Heinz)

(/usr/share/texlive/texmf-dist/tex/latex/psnfss/courier.sty
Package: courier 2005/04/12 PSNFSS-v9.2a (WaS) 
)
(/usr/share/texlive/texmf-dist/tex/latex/lipsum/lipsum.sty
Package: lipsum 2011/04/14 v1.2 150 paragraphs of Lorem Ipsum dummy text
\c@lips@count=\count96
)
(/usr/share/texlive/texmf-dist/tex/latex/listings/lstlang1.sty
File: lstlang1.sty 2013/08/26 1.5b listings language file
)
\c@homeworkProblemCounter=\count97
 (./report.aux)
\openout1 = `report.aux'.

LaTeX Font Info:    Checking defaults for OML/cmm/m/it on input line 172.
LaTeX Font Info:    ... okay on input line 172.
LaTeX Font Info:    Checking defaults for T1/cmr/m/n on input line 172.
LaTeX Font Info:    ... okay on input line 172.
LaTeX Font Info:    Checking defaults for OT1/cmr/m/n on input line 172.
LaTeX Font Info:    ... okay on input line 172.
LaTeX Font Info:    Checking defaults for OMS/cmsy/m/n on input line 172.
LaTeX Font Info:    ... okay on input line 172.
LaTeX Font Info:    Checking defaults for OMX/cmex/m/n on input line 172.
LaTeX Font Info:    ... okay on input line 172.
LaTeX Font Info:    Checking defaults for U/cmr/m/n on input line 172.
LaTeX Font Info:    ... okay on input line 172.
Package lastpage Info: Please have a look at the pageslts package at
(lastpage)             http://www.ctan.org/tex-archive/ 
(lastpage)             macros/latex/contrib/pageslts/ 
(lastpage)             or
(lastpage)             http://www.ctan.org/tex-archive/ 
(lastpage)             install/macros/latex/contrib/pageslts.tds.zip
(lastpage)             ! on input line 172.

(/usr/share/texlive/texmf-dist/tex/context/base/supp-pdf.mkii
[Loading MPS to PDF converter (version 2006.09.02).]
\scratchcounter=\count98
\scratchdimen=\dimen109
\scratchbox=\box28
\nofMPsegments=\count99
\nofMParguments=\count100
\everyMPshowfont=\toks17
\MPscratchCnt=\count101
\MPscratchDim=\dimen110
\MPnumerator=\count102
\makeMPintoPDFobject=\count103
\everyMPtoPDFconversion=\toks18
) (/usr/share/texlive/texmf-dist/tex/generic/oberdiek/pdftexcmds.sty
Package: pdftexcmds 2011/11/29 v0.20 Utility functions of pdfTeX for LuaTeX (HO
)

(/usr/share/texlive/texmf-dist/tex/generic/oberdiek/ifluatex.sty
Package: ifluatex 2010/03/01 v1.3 Provides the ifluatex switch (HO)
Package ifluatex Info: LuaTeX not detected.
)
(/usr/share/texlive/texmf-dist/tex/generic/oberdiek/ifpdf.sty
Package: ifpdf 2011/01/30 v2.3 Provides the ifpdf switch (HO)
Package ifpdf Info: pdfTeX in PDF mode is detected.
)
Package pdftexcmds Info: LuaTeX not detected.
Package pdftexcmds Info: \pdf@primitive is available.
Package pdftexcmds Info: \pdf@ifprimitive is available.
Package pdftexcmds Info: \pdfdraftmode found.
)
(/usr/share/texlive/texmf-dist/tex/latex/oberdiek/epstopdf-base.sty
Package: epstopdf-base 2010/02/09 v2.5 Base part for package epstopdf

(/usr/share/texlive/texmf-dist/tex/latex/oberdiek/grfext.sty
Package: grfext 2010/08/19 v1.1 Manage graphics extensions (HO)

(/usr/share/texlive/texmf-dist/tex/generic/oberdiek/kvdefinekeys.sty
Package: kvdefinekeys 2011/04/07 v1.3 Define keys (HO)
))
(/usr/share/texlive/texmf-dist/tex/latex/oberdiek/kvoptions.sty
Package: kvoptions 2011/06/30 v3.11 Key value format for package options (HO)

(/usr/share/texlive/texmf-dist/tex/generic/oberdiek/kvsetkeys.sty
Package: kvsetkeys 2012/04/25 v1.16 Key value parser (HO)

(/usr/share/texlive/texmf-dist/tex/generic/oberdiek/etexcmds.sty
Package: etexcmds 2011/02/16 v1.5 Avoid name clashes with e-TeX commands (HO)
Package etexcmds Info: Could not find \expanded.
(etexcmds)             That can mean that you are not using pdfTeX 1.50 or
(etexcmds)             that some package has redefined \expanded.
(etexcmds)             In the latter case, load this package earlier.
)))
Package grfext Info: Graphics extension search list:
(grfext)             [.png,.pdf,.jpg,.mps,.jpeg,.jbig2,.jb2,.PNG,.PDF,.JPG,.JPE
G,.JBIG2,.JB2,.eps]
(grfext)             \AppendGraphicsExtensions on input line 452.

(/usr/share/texlive/texmf-dist/tex/latex/latexconfig/epstopdf-sys.cfg
File: epstopdf-sys.cfg 2010/07/13 v1.3 Configuration of (r)epstopdf for TeX Liv
e
))
\c@lstlisting=\count104
LaTeX Font Info:    External font `cmex10' loaded for size
(Font)              <12> on input line 174.
LaTeX Font Info:    External font `cmex10' loaded for size
(Font)              <8> on input line 174.
LaTeX Font Info:    External font `cmex10' loaded for size
(Font)              <6> on input line 174.

[1

{/var/lib/texmf/fonts/map/pdftex/updmap/pdftex.map}] (./report.toc)
\tf@toc=\write3
\openout3 = `report.toc'.

 [2]
Underfull \hbox (badness 10000) in paragraph at lines 211--212

 []


Underfull \hbox (badness 10000) in paragraph at lines 213--214

 []

Missing character: There is no â in font cmr10!
Missing character: There is no € in font cmr10!
Missing character: There is no ™ in font cmr10!

Underfull \hbox (badness 10000) in paragraph at lines 215--216

 []


Underfull \hbox (badness 10000) in paragraph at lines 217--218

 []


Underfull \hbox (badness 10000) in paragraph at lines 219--221

 []


Overfull \hbox (51.45451pt too wide) in paragraph at lines 223--227
\OT1/cmr/m/n/10 http://willbrooks.deviantart.com/art/Doctor-Who-Titles-GIF-4917
65997 3) http://www.f1technical.net/features/19903 
 []


Underfull \hbox (badness 10000) in paragraph at lines 223--227

 []


Underfull \hbox (badness 10000) in paragraph at lines 228--229

 []


Underfull \hbox (badness 10000) in paragraph at lines 230--231

 []

[3]
Missing character: There is no â in font cmr10!
Missing character: There is no € in font cmr10!
Missing character: There is no ™ in font cmr10!

Underfull \hbox (badness 10000) in paragraph at lines 252--253

 []

LaTeX Font Info:    Try loading font information for OT1+pcr on input line 256.

(/usr/share/texlive/texmf-dist/tex/latex/psnfss/ot1pcr.fd
File: ot1pcr.fd 2001/06/04 font definitions for OT1/pcr.
)
Underfull \hbox (badness 10000) in paragraph at lines 262--263

 []

[4

] <ex1-heritrix.png, id=21, 1621.05624pt x 958.58125pt>
File: ex1-heritrix.png Graphic file (type png)

<use ex1-heritrix.png>
Package pdftex.def Info: ex1-heritrix.png used on input line 277.
(pdftex.def)             Requested size: 223.13647pt x 131.94794pt.
 <ex1-warcreate.png, id=23, 1434.35875pt x 1020.81375pt>
File: ex1-warcreate.png Graphic file (type png)

<use ex1-warcreate.png>
Package pdftex.def Info: ex1-warcreate.png used on input line 283.
(pdftex.def)             Requested size: 223.13647pt x 158.80081pt.

<ex1-webrecorder.png, id=24, 1434.35875pt x 1020.81375pt>
File: ex1-webrecorder.png Graphic file (type png)

<use ex1-webrecorder.png>
Package pdftex.def Info: ex1-webrecorder.png used on input line 289.
(pdftex.def)             Requested size: 223.13647pt x 158.80081pt.
 <ex1-wget.png, id=25, 1434.35875pt x 1020.81375pt>
File: ex1-wget.png Graphic file (type png)

<use ex1-wget.png>
Package pdftex.def Info: ex1-wget.png used on input line 295.
(pdftex.def)             Requested size: 223.13647pt x 158.80081pt.
 <ex1-heritrix-pywb.png, id=26, 1284.8pt x 632.3625pt>
File: ex1-heritrix-pywb.png Graphic file (type png)

<use ex1-heritrix-pywb.png>
Package pdftex.def Info: ex1-heritrix-pywb.png used on input line 301.
(pdftex.def)             Requested size: 223.13647pt x 109.81598pt.
 [5

 <./ex1-heritrix.png> <./ex1-warcreate.png>]
[6 <./ex1-webrecorder.png> <./ex1-wget.png> <./ex1-heritrix-pywb.png>]
<ex2-heritrix.png, id=38, 1434.35875pt x 1020.81375pt>
File: ex2-heritrix.png Graphic file (type png)
 <use ex2-heritrix.png>
Package pdftex.def Info: ex2-heritrix.png used on input line 312.
(pdftex.def)             Requested size: 223.13647pt x 158.80081pt.

<ex2-warcreate.png, id=39, 1434.35875pt x 1020.81375pt>
File: ex2-warcreate.png Graphic file (type png)

<use ex2-warcreate.png>
Package pdftex.def Info: ex2-warcreate.png used on input line 318.
(pdftex.def)             Requested size: 223.13647pt x 158.80081pt.

<ex2-webrecorder.png, id=40, 1434.35875pt x 1020.81375pt>
File: ex2-webrecorder.png Graphic file (type png)

<use ex2-webrecorder.png>
Package pdftex.def Info: ex2-webrecorder.png used on input line 324.
(pdftex.def)             Requested size: 223.13647pt x 158.80081pt.
 <ex2-wget.png, id=41, 1434.35875pt x 1020.81375pt>
File: ex2-wget.png Graphic file (type png)

<use ex2-wget.png>
Package pdftex.def Info: ex2-wget.png used on input line 330.
(pdftex.def)             Requested size: 223.13647pt x 158.80081pt.
 <ex2-heritrix-pywb.png, id=42, 1284.8pt x 632.3625pt>
File: ex2-heritrix-pywb.png Graphic file (type png)

<use ex2-heritrix-pywb.png>
Package pdftex.def Info: ex2-heritrix-pywb.png used on input line 336.
(pdftex.def)             Requested size: 223.13647pt x 109.81598pt.
 [7

 <./ex2-heritrix.png> <./ex2-warcreate.png>]
[8 <./ex2-webrecorder.png> <./ex2-wget.png> <./ex2-heritrix-pywb.png>]
<ex3-heritrix.png, id=55, 1434.35875pt x 1020.81375pt>
File: ex3-heritrix.png Graphic file (type png)
 <use ex3-heritrix.png>
Package pdftex.def Info: ex3-heritrix.png used on input line 347.
(pdftex.def)             Requested size: 223.13647pt x 158.80081pt.

<ex3-warcreate.png, id=56, 1434.35875pt x 1020.81375pt>
File: ex3-warcreate.png Graphic file (type png)

<use ex3-warcreate.png>
Package pdftex.def Info: ex3-warcreate.png used on input line 353.
(pdftex.def)             Requested size: 223.13647pt x 158.80081pt.

<ex3-webrecorder.png, id=57, 1434.35875pt x 1020.81375pt>
File: ex3-webrecorder.png Graphic file (type png)

<use ex3-webrecorder.png>
Package pdftex.def Info: ex3-webrecorder.png used on input line 359.
(pdftex.def)             Requested size: 223.13647pt x 158.80081pt.
 <ex3-wget.png, id=58, 1434.35875pt x 1020.81375pt>
File: ex3-wget.png Graphic file (type png)

<use ex3-wget.png>
Package pdftex.def Info: ex3-wget.png used on input line 365.
(pdftex.def)             Requested size: 223.13647pt x 158.80081pt.
 <ex3-heritrix-pywb.png, id=59, 1284.8pt x 632.3625pt>
File: ex3-heritrix-pywb.png Graphic file (type png)

<use ex3-heritrix-pywb.png>
Package pdftex.def Info: ex3-heritrix-pywb.png used on input line 371.
(pdftex.def)             Requested size: 223.13647pt x 109.81598pt.
 [9

 <./ex3-heritrix.png> <./ex3-warcreate.png>]
[10 <./ex3-webrecorder.png> <./ex3-wget.png> <./ex3-heritrix-pywb.png>]
<graph1.png, id=71, 481.8pt x 481.8pt>
File: graph1.png Graphic file (type png)
 <use graph1.png>
Package pdftex.def Info: graph1.png used on input line 382.
(pdftex.def)             Requested size: 223.13647pt x 223.13042pt.

<graph2.png, id=72, 481.8pt x 481.8pt>
File: graph2.png Graphic file (type png)
 <use graph2.png>
Package pdftex.def Info: graph2.png used on input line 388.
(pdftex.def)             Requested size: 223.13647pt x 223.13042pt.

<graph3.png, id=73, 481.8pt x 481.8pt>
File: graph3.png Graphic file (type png)
 <use graph3.png>
Package pdftex.def Info: graph3.png used on input line 394.
(pdftex.def)             Requested size: 223.13647pt x 223.13042pt.

<solar_public_prefix.png, id=74, 1284.8pt x 632.3625pt>
File: solar_public_prefix.png Graphic file (type png)

<use solar_public_prefix.png>
Package pdftex.def Info: solar_public_prefix.png used on input line 403.
(pdftex.def)             Requested size: 223.13647pt x 109.81598pt.

<solr_domain_twitter.png, id=75, 1284.8pt x 632.3625pt>
File: solr_domain_twitter.png Graphic file (type png)

<use solr_domain_twitter.png>
Package pdftex.def Info: solr_domain_twitter.png used on input line 409.
(pdftex.def)             Requested size: 223.13647pt x 109.81598pt.
 [11

 <./graph1.png>] [12 <./graph2.png> <./graph3.png> <./solar_public_prefix.png>]
 [13 <./solr_domain_twitter.png>]

AED: lastpage setting LastPage
(./report.aux) ) 
Here is how much of TeX's memory you used:
 3539 strings out of 494985
 51721 string characters out of 6180357
 216482 words of memory out of 5000000
 6693 multiletter control sequences out of 15000+600000
 9363 words of font info for 33 fonts, out of 8000000 for 9000
 36 hyphenation exceptions out of 8191
 38i,11n,43p,357b,279s stack positions out of 5000i,500n,10000p,200000b,80000s
{/usr/share/texlive/texmf-dist/fonts/enc/dvips/base/8r.enc}</us
r/share/texlive/texmf-dist/fonts/type1/public/amsfonts/cm/cmbx10.pfb></usr/shar
e/texlive/texmf-dist/fonts/type1/public/amsfonts/cm/cmbx12.pfb></usr/share/texl
ive/texmf-dist/fonts/type1/public/amsfonts/cm/cmr10.pfb></usr/share/texlive/tex
mf-dist/fonts/type1/public/amsfonts/cm/cmr9.pfb></usr/share/texlive/texmf-dist/
fonts/type1/public/amsfonts/cm/cmti12.pfb></usr/share/texlive/texmf-dist/fonts/
type1/urw/courier/ucrr8a.pfb>
Output written on report.pdf (13 pages, 6854810 bytes).
PDF statistics:
 113 PDF objects out of 1000 (max. 8388607)
 51 compressed objects within 1 object stream
 0 named destinations out of 1000 (max. 500000)
 101 words of extra memory for PDF output out of 10000 (max. 10000000)

