\BOOKMARK [1][-]{section*.2}{Question 1}{}% 1
\BOOKMARK [1][-]{section*.3}{Answer}{}% 2
\BOOKMARK [2][-]{section*.4}{Code Listing}{section*.3}% 3
\BOOKMARK [3][-]{section*.5}{Ngrams}{section*.4}% 4
\BOOKMARK [3][-]{section*.6}{Jaccard Index}{section*.4}% 5
\BOOKMARK [3][-]{section*.7}{File Ngrams}{section*.4}% 6
\BOOKMARK [3][-]{section*.8}{Save Ngrams Graph}{section*.4}% 7
\BOOKMARK [1][-]{section*.9}{Figures}{}% 8
\BOOKMARK [1][-]{section*.10}{Question 2}{}% 9
\BOOKMARK [1][-]{section*.11}{Answer}{}% 10
\BOOKMARK [2][-]{section*.12}{Code Listing}{section*.11}% 11
\BOOKMARK [3][-]{section*.13}{No of Mementos}{section*.12}% 12
\BOOKMARK [1][-]{section*.14}{Figures}{}% 13
\BOOKMARK [1][-]{section*.15}{Question 3}{}% 14
\BOOKMARK [1][-]{section*.16}{Answer}{}% 15
\BOOKMARK [2][-]{section*.17}{Code Listing}{section*.16}% 16
\BOOKMARK [3][-]{section*.18}{Fetch Boiler for choosen 20}{section*.17}% 17
\BOOKMARK [3][-]{section*.19}{Draw CDF for choosen 20}{section*.17}% 18
\BOOKMARK [1][-]{section*.20}{Figures}{}% 19
\BOOKMARK [1][-]{section*.21}{Question 4}{}% 20
\BOOKMARK [1][-]{section*.22}{Answer}{}% 21
\BOOKMARK [1][-]{section*.23}{Figures}{}% 22
